DEBUG 20161004 11:44:16.179 [52451302@qtp-583559449-1] SELECT * FROM ims.history WHERE history.USERNAME='XYZ' and history.transactionId=730289 and history.balanceRequest=123.0
DEBUG 20161004 11:44:16.182 [52451302@qtp-583559449-1] 0
DEBUG 20161004 11:44:16.183 [52451302@qtp-583559449-1] INSERT INTO ims.history (transactionId, username, balanceRequest) VALUES ('730289', 'XYZ', '123.0');
DEBUG 20161004 11:44:16.187 [52451302@qtp-583559449-1] We get from frontend username: XYZ and balance: 123
DEBUG 20161004 11:44:16.188 [52451302@qtp-583559449-1] Hash is: 1515807981
DEBUG 20161004 11:44:16.189 [52451302@qtp-583559449-1] Hash is: 1515807981
DEBUG 20161004 11:44:16.189 [52451302@qtp-583559449-1] First :UPDATE ims.Player SET player.BALANCE=123 WHERE player.ID=4 Second: UPDATE ims.Player SET BALANCE_VERSION=147 WHERE player.ID=4
DEBUG 20161004 11:44:16.192 [52451302@qtp-583559449-1] BALANCE was update successfully
DEBUG 20161004 11:44:16.201 [52451302@qtp-583559449-1] BALANCE_VERSION was update successfully
DEBUG 20161004 11:44:16.202 [52451302@qtp-583559449-1] Hash is: 1515807981
DEBUG 20161004 11:44:16.203 [52451302@qtp-583559449-1] Hash is: 1515807981
DEBUG 20161004 11:44:16.238 [573690360@qtp-583559449-2] SELECT * FROM ims.history WHERE history.USERNAME='XYZ' and history.transactionId=910335 and history.balanceRequest=123.0
DEBUG 20161004 11:44:16.239 [573690360@qtp-583559449-2] 0
DEBUG 20161004 11:44:16.240 [573690360@qtp-583559449-2] INSERT INTO ims.history (transactionId, username, balanceRequest) VALUES ('910335', 'XYZ', '123.0');
DEBUG 20161004 11:44:16.250 [573690360@qtp-583559449-2] We get from frontend username: XYZ and balance: 123
DEBUG 20161004 11:44:16.251 [573690360@qtp-583559449-2] Hash is: 95909591
DEBUG 20161004 11:44:16.252 [573690360@qtp-583559449-2] Hash is: 95909591
DEBUG 20161004 11:44:16.252 [573690360@qtp-583559449-2] First :UPDATE ims.Player SET player.BALANCE=123 WHERE player.ID=4 Second: UPDATE ims.Player SET BALANCE_VERSION=148 WHERE player.ID=4
DEBUG 20161004 11:44:16.256 [573690360@qtp-583559449-2] BALANCE was update successfully
DEBUG 20161004 11:44:16.259 [573690360@qtp-583559449-2] BALANCE_VERSION was update successfully
DEBUG 20161004 11:44:16.260 [573690360@qtp-583559449-2] Hash is: 95909591
DEBUG 20161004 11:44:16.261 [573690360@qtp-583559449-2] Hash is: 95909591
DEBUG 20161004 11:44:16.396 [52451302@qtp-583559449-1] SELECT * FROM ims.history WHERE history.USERNAME='XYZ' and history.transactionId=147164 and history.balanceRequest=123.0
DEBUG 20161004 11:44:16.396 [52451302@qtp-583559449-1] 0
DEBUG 20161004 11:44:16.397 [52451302@qtp-583559449-1] INSERT INTO ims.history (transactionId, username, balanceRequest) VALUES ('147164', 'XYZ', '123.0');
DEBUG 20161004 11:44:16.417 [52451302@qtp-583559449-1] We get from frontend username: XYZ and balance: 123
DEBUG 20161004 11:44:16.417 [52451302@qtp-583559449-1] Hash is: 978124548
DEBUG 20161004 11:44:16.418 [52451302@qtp-583559449-1] Hash is: 978124548
DEBUG 20161004 11:44:16.418 [52451302@qtp-583559449-1] First :UPDATE ims.Player SET player.BALANCE=123 WHERE player.ID=4 Second: UPDATE ims.Player SET BALANCE_VERSION=149 WHERE player.ID=4
DEBUG 20161004 11:44:16.421 [52451302@qtp-583559449-1] BALANCE was update successfully
DEBUG 20161004 11:44:16.430 [52451302@qtp-583559449-1] BALANCE_VERSION was update successfully
DEBUG 20161004 11:44:16.431 [52451302@qtp-583559449-1] Hash is: 978124548
DEBUG 20161004 11:44:16.432 [52451302@qtp-583559449-1] Hash is: 978124548
DEBUG 20161004 11:44:16.563 [52451302@qtp-583559449-1] SELECT * FROM ims.history WHERE history.USERNAME='XYZ' and history.transactionId=220733 and history.balanceRequest=123.0
DEBUG 20161004 11:44:16.564 [52451302@qtp-583559449-1] 0
DEBUG 20161004 11:44:16.564 [52451302@qtp-583559449-1] INSERT INTO ims.history (transactionId, username, balanceRequest) VALUES ('220733', 'XYZ', '123.0');
DEBUG 20161004 11:44:16.571 [52451302@qtp-583559449-1] We get from frontend username: XYZ and balance: 123
DEBUG 20161004 11:44:16.571 [52451302@qtp-583559449-1] Hash is: 546610519
DEBUG 20161004 11:44:16.572 [52451302@qtp-583559449-1] Hash is: 546610519
DEBUG 20161004 11:44:16.572 [52451302@qtp-583559449-1] First :UPDATE ims.Player SET player.BALANCE=123 WHERE player.ID=4 Second: UPDATE ims.Player SET BALANCE_VERSION=150 WHERE player.ID=4
DEBUG 20161004 11:44:16.575 [52451302@qtp-583559449-1] BALANCE was update successfully
DEBUG 20161004 11:44:16.578 [52451302@qtp-583559449-1] BALANCE_VERSION was update successfully
DEBUG 20161004 11:44:16.578 [52451302@qtp-583559449-1] Hash is: 546610519
DEBUG 20161004 11:44:16.579 [52451302@qtp-583559449-1] Hash is: 546610519
DEBUG 20161004 11:44:16.720 [52451302@qtp-583559449-1] SELECT * FROM ims.history WHERE history.USERNAME='XYZ' and history.transactionId=99319 and history.balanceRequest=123.0
DEBUG 20161004 11:44:16.721 [52451302@qtp-583559449-1] 0
DEBUG 20161004 11:44:16.721 [52451302@qtp-583559449-1] INSERT INTO ims.history (transactionId, username, balanceRequest) VALUES ('99319', 'XYZ', '123.0');
DEBUG 20161004 11:44:16.727 [52451302@qtp-583559449-1] We get from frontend username: XYZ and balance: 123
DEBUG 20161004 11:44:16.727 [52451302@qtp-583559449-1] Hash is: 329982821
DEBUG 20161004 11:44:16.728 [52451302@qtp-583559449-1] Hash is: 329982821
DEBUG 20161004 11:44:16.728 [52451302@qtp-583559449-1] First :UPDATE ims.Player SET player.BALANCE=123 WHERE player.ID=4 Second: UPDATE ims.Player SET BALANCE_VERSION=151 WHERE player.ID=4
DEBUG 20161004 11:44:16.731 [52451302@qtp-583559449-1] BALANCE was update successfully
DEBUG 20161004 11:44:16.740 [52451302@qtp-583559449-1] BALANCE_VERSION was update successfully
DEBUG 20161004 11:44:16.741 [52451302@qtp-583559449-1] Hash is: 329982821
DEBUG 20161004 11:44:16.741 [52451302@qtp-583559449-1] Hash is: 329982821
DEBUG 20161004 11:44:16.883 [52451302@qtp-583559449-1] SELECT * FROM ims.history WHERE history.USERNAME='XYZ' and history.transactionId=638775 and history.balanceRequest=123.0
DEBUG 20161004 11:44:16.884 [52451302@qtp-583559449-1] 0
DEBUG 20161004 11:44:16.884 [52451302@qtp-583559449-1] INSERT INTO ims.history (transactionId, username, balanceRequest) VALUES ('638775', 'XYZ', '123.0');
DEBUG 20161004 11:44:16.890 [52451302@qtp-583559449-1] We get from frontend username: XYZ and balance: 123
DEBUG 20161004 11:44:16.891 [52451302@qtp-583559449-1] Hash is: 1698450267
DEBUG 20161004 11:44:16.892 [52451302@qtp-583559449-1] Hash is: 1698450267
DEBUG 20161004 11:44:16.892 [52451302@qtp-583559449-1] First :UPDATE ims.Player SET player.BALANCE=123 WHERE player.ID=4 Second: UPDATE ims.Player SET BALANCE_VERSION=152 WHERE player.ID=4
DEBUG 20161004 11:44:16.901 [52451302@qtp-583559449-1] BALANCE was update successfully
DEBUG 20161004 11:44:16.910 [52451302@qtp-583559449-1] BALANCE_VERSION was update successfully
DEBUG 20161004 11:44:16.911 [52451302@qtp-583559449-1] Hash is: 1698450267
DEBUG 20161004 11:44:16.912 [52451302@qtp-583559449-1] Hash is: 1698450267
DEBUG 20161004 11:44:17.075 [52451302@qtp-583559449-1] SELECT * FROM ims.history WHERE history.USERNAME='XYZ' and history.transactionId=278394 and history.balanceRequest=123.0
DEBUG 20161004 11:44:17.076 [52451302@qtp-583559449-1] 0
DEBUG 20161004 11:44:17.076 [52451302@qtp-583559449-1] INSERT INTO ims.history (transactionId, username, balanceRequest) VALUES ('278394', 'XYZ', '123.0');
DEBUG 20161004 11:44:17.080 [52451302@qtp-583559449-1] We get from frontend username: XYZ and balance: 123
DEBUG 20161004 11:44:17.081 [52451302@qtp-583559449-1] Hash is: 1377708157
DEBUG 20161004 11:44:17.081 [52451302@qtp-583559449-1] Hash is: 1377708157
DEBUG 20161004 11:44:17.081 [52451302@qtp-583559449-1] First :UPDATE ims.Player SET player.BALANCE=123 WHERE player.ID=4 Second: UPDATE ims.Player SET BALANCE_VERSION=153 WHERE player.ID=4
DEBUG 20161004 11:44:17.083 [52451302@qtp-583559449-1] BALANCE was update successfully
DEBUG 20161004 11:44:17.087 [52451302@qtp-583559449-1] BALANCE_VERSION was update successfully
DEBUG 20161004 11:44:17.087 [52451302@qtp-583559449-1] Hash is: 1377708157
DEBUG 20161004 11:44:17.087 [52451302@qtp-583559449-1] Hash is: 1377708157
DEBUG 20161004 11:44:17.244 [52451302@qtp-583559449-1] SELECT * FROM ims.history WHERE history.USERNAME='XYZ' and history.transactionId=729848 and history.balanceRequest=123.0
DEBUG 20161004 11:44:17.244 [52451302@qtp-583559449-1] 0
DEBUG 20161004 11:44:17.244 [52451302@qtp-583559449-1] INSERT INTO ims.history (transactionId, username, balanceRequest) VALUES ('729848', 'XYZ', '123.0');
DEBUG 20161004 11:44:17.247 [52451302@qtp-583559449-1] We get from frontend username: XYZ and balance: 123
DEBUG 20161004 11:44:17.248 [52451302@qtp-583559449-1] Hash is: 1378916272
DEBUG 20161004 11:44:17.248 [52451302@qtp-583559449-1] Hash is: 1378916272
DEBUG 20161004 11:44:17.248 [52451302@qtp-583559449-1] First :UPDATE ims.Player SET player.BALANCE=123 WHERE player.ID=4 Second: UPDATE ims.Player SET BALANCE_VERSION=154 WHERE player.ID=4
DEBUG 20161004 11:44:17.257 [52451302@qtp-583559449-1] BALANCE was update successfully
DEBUG 20161004 11:44:17.260 [52451302@qtp-583559449-1] BALANCE_VERSION was update successfully
DEBUG 20161004 11:44:17.260 [52451302@qtp-583559449-1] Hash is: 1378916272
DEBUG 20161004 11:44:17.261 [52451302@qtp-583559449-1] Hash is: 1378916272
DEBUG 20161004 11:44:17.421 [52451302@qtp-583559449-1] SELECT * FROM ims.history WHERE history.USERNAME='XYZ' and history.transactionId=989149 and history.balanceRequest=123.0
DEBUG 20161004 11:44:17.422 [52451302@qtp-583559449-1] 0
DEBUG 20161004 11:44:17.422 [52451302@qtp-583559449-1] INSERT INTO ims.history (transactionId, username, balanceRequest) VALUES ('989149', 'XYZ', '123.0');
DEBUG 20161004 11:44:17.425 [52451302@qtp-583559449-1] We get from frontend username: XYZ and balance: 123
DEBUG 20161004 11:44:17.426 [52451302@qtp-583559449-1] Hash is: 488015999
DEBUG 20161004 11:44:17.426 [52451302@qtp-583559449-1] Hash is: 488015999
DEBUG 20161004 11:44:17.426 [52451302@qtp-583559449-1] First :UPDATE ims.Player SET player.BALANCE=123 WHERE player.ID=4 Second: UPDATE ims.Player SET BALANCE_VERSION=155 WHERE player.ID=4
DEBUG 20161004 11:44:17.429 [52451302@qtp-583559449-1] BALANCE was update successfully
DEBUG 20161004 11:44:17.431 [52451302@qtp-583559449-1] BALANCE_VERSION was update successfully
DEBUG 20161004 11:44:17.432 [52451302@qtp-583559449-1] Hash is: 488015999
DEBUG 20161004 11:44:17.432 [52451302@qtp-583559449-1] Hash is: 488015999
DEBUG 20161004 11:44:19.596 [52451302@qtp-583559449-1] We get from frontend: Ivan
DEBUG 20161004 11:44:19.597 [52451302@qtp-583559449-1] Hash is: 193598835
DEBUG 20161004 11:44:20.210 [52451302@qtp-583559449-1] We get from frontend: Ivan
DEBUG 20161004 11:44:20.211 [52451302@qtp-583559449-1] Hash is: 882228842
DEBUG 20161004 11:44:20.361 [52451302@qtp-583559449-1] We get from frontend: Ivan
DEBUG 20161004 11:44:20.362 [52451302@qtp-583559449-1] Hash is: 1698979791
DEBUG 20161004 11:44:20.524 [52451302@qtp-583559449-1] We get from frontend: Ivan
DEBUG 20161004 11:44:20.525 [52451302@qtp-583559449-1] Hash is: 568805299
DEBUG 20161004 11:44:20.676 [52451302@qtp-583559449-1] We get from frontend: Ivan
DEBUG 20161004 11:44:20.677 [52451302@qtp-583559449-1] Hash is: 1464057839
DEBUG 20161004 11:44:20.843 [52451302@qtp-583559449-1] We get from frontend: Ivan
DEBUG 20161004 11:44:20.844 [52451302@qtp-583559449-1] Hash is: 283716984
DEBUG 20161004 11:44:26.376 [52451302@qtp-583559449-1] SELECT * FROM ims.history WHERE history.USERNAME='Ivan' and history.transactionId=310986 and history.balanceRequest=12.0
DEBUG 20161004 11:44:26.376 [52451302@qtp-583559449-1] 0
DEBUG 20161004 11:44:26.377 [52451302@qtp-583559449-1] INSERT INTO ims.history (transactionId, username, balanceRequest) VALUES ('310986', 'Ivan', '12.0');
DEBUG 20161004 11:44:26.396 [52451302@qtp-583559449-1] We get from frontend username: Ivan and balance: 12
DEBUG 20161004 11:44:26.396 [52451302@qtp-583559449-1] Hash is: 1585615977
DEBUG 20161004 11:44:26.397 [52451302@qtp-583559449-1] Hash is: 1585615977
DEBUG 20161004 11:44:26.397 [52451302@qtp-583559449-1] First :UPDATE ims.Player SET player.BALANCE=12 WHERE player.ID=1 Second: UPDATE ims.Player SET BALANCE_VERSION=205 WHERE player.ID=1
DEBUG 20161004 11:44:26.409 [52451302@qtp-583559449-1] BALANCE was update successfully
DEBUG 20161004 11:44:26.419 [52451302@qtp-583559449-1] BALANCE_VERSION was update successfully
DEBUG 20161004 11:44:26.419 [52451302@qtp-583559449-1] Hash is: 1585615977
DEBUG 20161004 11:44:26.419 [52451302@qtp-583559449-1] Hash is: 1585615977
DEBUG 20161004 11:44:27.162 [52451302@qtp-583559449-1] SELECT * FROM ims.history WHERE history.USERNAME='Ivan' and history.transactionId=715067 and history.balanceRequest=12.0
DEBUG 20161004 11:44:27.163 [52451302@qtp-583559449-1] 0
DEBUG 20161004 11:44:27.163 [52451302@qtp-583559449-1] INSERT INTO ims.history (transactionId, username, balanceRequest) VALUES ('715067', 'Ivan', '12.0');
DEBUG 20161004 11:44:27.179 [52451302@qtp-583559449-1] We get from frontend username: Ivan and balance: 12
DEBUG 20161004 11:44:27.179 [52451302@qtp-583559449-1] Hash is: 827366804
DEBUG 20161004 11:44:27.180 [52451302@qtp-583559449-1] Hash is: 827366804
DEBUG 20161004 11:44:27.180 [52451302@qtp-583559449-1] First :UPDATE ims.Player SET player.BALANCE=12 WHERE player.ID=1 Second: UPDATE ims.Player SET BALANCE_VERSION=206 WHERE player.ID=1
DEBUG 20161004 11:44:27.187 [52451302@qtp-583559449-1] BALANCE was update successfully
DEBUG 20161004 11:44:27.195 [52451302@qtp-583559449-1] BALANCE_VERSION was update successfully
DEBUG 20161004 11:44:27.196 [52451302@qtp-583559449-1] Hash is: 827366804
DEBUG 20161004 11:44:27.197 [52451302@qtp-583559449-1] Hash is: 827366804
DEBUG 20161004 11:44:27.409 [52451302@qtp-583559449-1] SELECT * FROM ims.history WHERE history.USERNAME='Ivan' and history.transactionId=860492 and history.balanceRequest=12.0
DEBUG 20161004 11:44:27.409 [52451302@qtp-583559449-1] 0
DEBUG 20161004 11:44:27.409 [52451302@qtp-583559449-1] INSERT INTO ims.history (transactionId, username, balanceRequest) VALUES ('860492', 'Ivan', '12.0');
DEBUG 20161004 11:44:27.419 [52451302@qtp-583559449-1] We get from frontend username: Ivan and balance: 12
DEBUG 20161004 11:44:27.420 [52451302@qtp-583559449-1] Hash is: 1798784682
DEBUG 20161004 11:44:27.420 [52451302@qtp-583559449-1] Hash is: 1798784682
DEBUG 20161004 11:44:27.420 [52451302@qtp-583559449-1] First :UPDATE ims.Player SET player.BALANCE=12 WHERE player.ID=1 Second: UPDATE ims.Player SET BALANCE_VERSION=207 WHERE player.ID=1
DEBUG 20161004 11:44:27.423 [52451302@qtp-583559449-1] BALANCE was update successfully
DEBUG 20161004 11:44:27.426 [52451302@qtp-583559449-1] BALANCE_VERSION was update successfully
DEBUG 20161004 11:44:27.426 [52451302@qtp-583559449-1] Hash is: 1798784682
DEBUG 20161004 11:44:27.427 [52451302@qtp-583559449-1] Hash is: 1798784682
DEBUG 20161004 11:44:27.590 [52451302@qtp-583559449-1] SELECT * FROM ims.history WHERE history.USERNAME='Ivan' and history.transactionId=926470 and history.balanceRequest=12.0
DEBUG 20161004 11:44:27.591 [52451302@qtp-583559449-1] 0
DEBUG 20161004 11:44:27.591 [52451302@qtp-583559449-1] INSERT INTO ims.history (transactionId, username, balanceRequest) VALUES ('926470', 'Ivan', '12.0');
DEBUG 20161004 11:44:27.594 [52451302@qtp-583559449-1] We get from frontend username: Ivan and balance: 12
DEBUG 20161004 11:44:27.595 [52451302@qtp-583559449-1] Hash is: 778554791
DEBUG 20161004 11:44:27.595 [52451302@qtp-583559449-1] Hash is: 778554791
DEBUG 20161004 11:44:27.595 [52451302@qtp-583559449-1] First :UPDATE ims.Player SET player.BALANCE=12 WHERE player.ID=1 Second: UPDATE ims.Player SET BALANCE_VERSION=208 WHERE player.ID=1
DEBUG 20161004 11:44:27.598 [52451302@qtp-583559449-1] BALANCE was update successfully
DEBUG 20161004 11:44:27.600 [52451302@qtp-583559449-1] BALANCE_VERSION was update successfully
DEBUG 20161004 11:44:27.601 [52451302@qtp-583559449-1] Hash is: 778554791
DEBUG 20161004 11:44:27.602 [52451302@qtp-583559449-1] Hash is: 778554791
DEBUG 20161004 11:44:27.759 [52451302@qtp-583559449-1] SELECT * FROM ims.history WHERE history.USERNAME='Ivan' and history.transactionId=799269 and history.balanceRequest=12.0
DEBUG 20161004 11:44:27.759 [52451302@qtp-583559449-1] 0
DEBUG 20161004 11:44:27.759 [52451302@qtp-583559449-1] INSERT INTO ims.history (transactionId, username, balanceRequest) VALUES ('799269', 'Ivan', '12.0');
DEBUG 20161004 11:44:27.762 [52451302@qtp-583559449-1] We get from frontend username: Ivan and balance: 12
DEBUG 20161004 11:44:27.763 [52451302@qtp-583559449-1] Hash is: 2059457583
DEBUG 20161004 11:44:27.763 [52451302@qtp-583559449-1] Hash is: 2059457583
DEBUG 20161004 11:44:27.763 [52451302@qtp-583559449-1] First :UPDATE ims.Player SET player.BALANCE=12 WHERE player.ID=1 Second: UPDATE ims.Player SET BALANCE_VERSION=209 WHERE player.ID=1
DEBUG 20161004 11:44:27.766 [52451302@qtp-583559449-1] BALANCE was update successfully
DEBUG 20161004 11:44:27.769 [52451302@qtp-583559449-1] BALANCE_VERSION was update successfully
DEBUG 20161004 11:44:27.769 [52451302@qtp-583559449-1] Hash is: 2059457583
DEBUG 20161004 11:44:27.770 [52451302@qtp-583559449-1] Hash is: 2059457583
DEBUG 20161004 11:44:27.911 [52451302@qtp-583559449-1] SELECT * FROM ims.history WHERE history.USERNAME='Ivan' and history.transactionId=357840 and history.balanceRequest=12.0
DEBUG 20161004 11:44:27.911 [52451302@qtp-583559449-1] 0
DEBUG 20161004 11:44:27.912 [52451302@qtp-583559449-1] INSERT INTO ims.history (transactionId, username, balanceRequest) VALUES ('357840', 'Ivan', '12.0');
DEBUG 20161004 11:44:27.914 [52451302@qtp-583559449-1] We get from frontend username: Ivan and balance: 12
DEBUG 20161004 11:44:27.915 [52451302@qtp-583559449-1] Hash is: 353696706
DEBUG 20161004 11:44:27.915 [52451302@qtp-583559449-1] Hash is: 353696706
DEBUG 20161004 11:44:27.915 [52451302@qtp-583559449-1] First :UPDATE ims.Player SET player.BALANCE=12 WHERE player.ID=1 Second: UPDATE ims.Player SET BALANCE_VERSION=210 WHERE player.ID=1
DEBUG 20161004 11:44:27.918 [52451302@qtp-583559449-1] BALANCE was update successfully
DEBUG 20161004 11:44:27.921 [52451302@qtp-583559449-1] BALANCE_VERSION was update successfully
DEBUG 20161004 11:44:27.921 [52451302@qtp-583559449-1] Hash is: 353696706
DEBUG 20161004 11:44:27.922 [52451302@qtp-583559449-1] Hash is: 353696706
DEBUG 20161004 11:44:28.084 [52451302@qtp-583559449-1] SELECT * FROM ims.history WHERE history.USERNAME='Ivan' and history.transactionId=319885 and history.balanceRequest=12.0
DEBUG 20161004 11:44:28.085 [52451302@qtp-583559449-1] 0
DEBUG 20161004 11:44:28.085 [52451302@qtp-583559449-1] INSERT INTO ims.history (transactionId, username, balanceRequest) VALUES ('319885', 'Ivan', '12.0');
DEBUG 20161004 11:44:28.088 [52451302@qtp-583559449-1] We get from frontend username: Ivan and balance: 12
DEBUG 20161004 11:44:28.089 [52451302@qtp-583559449-1] Hash is: 1771571116
DEBUG 20161004 11:44:28.089 [52451302@qtp-583559449-1] Hash is: 1771571116
DEBUG 20161004 11:44:28.089 [52451302@qtp-583559449-1] First :UPDATE ims.Player SET player.BALANCE=12 WHERE player.ID=1 Second: UPDATE ims.Player SET BALANCE_VERSION=211 WHERE player.ID=1
DEBUG 20161004 11:44:28.092 [52451302@qtp-583559449-1] BALANCE was update successfully
DEBUG 20161004 11:44:28.094 [52451302@qtp-583559449-1] BALANCE_VERSION was update successfully
DEBUG 20161004 11:44:28.095 [52451302@qtp-583559449-1] Hash is: 1771571116
DEBUG 20161004 11:44:28.095 [52451302@qtp-583559449-1] Hash is: 1771571116
DEBUG 20161004 11:44:28.230 [52451302@qtp-583559449-1] SELECT * FROM ims.history WHERE history.USERNAME='Ivan' and history.transactionId=827084 and history.balanceRequest=12.0
DEBUG 20161004 11:44:28.230 [52451302@qtp-583559449-1] 0
DEBUG 20161004 11:44:28.230 [52451302@qtp-583559449-1] INSERT INTO ims.history (transactionId, username, balanceRequest) VALUES ('827084', 'Ivan', '12.0');
DEBUG 20161004 11:44:28.233 [52451302@qtp-583559449-1] We get from frontend username: Ivan and balance: 12
DEBUG 20161004 11:44:28.234 [52451302@qtp-583559449-1] Hash is: 2046108681
DEBUG 20161004 11:44:28.235 [52451302@qtp-583559449-1] Hash is: 2046108681
DEBUG 20161004 11:44:28.235 [52451302@qtp-583559449-1] First :UPDATE ims.Player SET player.BALANCE=12 WHERE player.ID=1 Second: UPDATE ims.Player SET BALANCE_VERSION=212 WHERE player.ID=1
DEBUG 20161004 11:44:28.237 [52451302@qtp-583559449-1] BALANCE was update successfully
DEBUG 20161004 11:44:28.240 [52451302@qtp-583559449-1] BALANCE_VERSION was update successfully
DEBUG 20161004 11:44:28.240 [52451302@qtp-583559449-1] Hash is: 2046108681
DEBUG 20161004 11:44:28.241 [52451302@qtp-583559449-1] Hash is: 2046108681
DEBUG 20161004 11:44:28.396 [52451302@qtp-583559449-1] SELECT * FROM ims.history WHERE history.USERNAME='Ivan' and history.transactionId=61666 and history.balanceRequest=12.0
DEBUG 20161004 11:44:28.397 [52451302@qtp-583559449-1] 0
DEBUG 20161004 11:44:28.397 [52451302@qtp-583559449-1] INSERT INTO ims.history (transactionId, username, balanceRequest) VALUES ('61666', 'Ivan', '12.0');
DEBUG 20161004 11:44:28.407 [52451302@qtp-583559449-1] We get from frontend username: Ivan and balance: 12
DEBUG 20161004 11:44:28.407 [52451302@qtp-583559449-1] Hash is: 1558488410
DEBUG 20161004 11:44:28.408 [52451302@qtp-583559449-1] Hash is: 1558488410
DEBUG 20161004 11:44:28.408 [52451302@qtp-583559449-1] First :UPDATE ims.Player SET player.BALANCE=12 WHERE player.ID=1 Second: UPDATE ims.Player SET BALANCE_VERSION=213 WHERE player.ID=1
DEBUG 20161004 11:44:28.414 [52451302@qtp-583559449-1] BALANCE was update successfully
DEBUG 20161004 11:44:28.432 [52451302@qtp-583559449-1] BALANCE_VERSION was update successfully
DEBUG 20161004 11:44:28.434 [52451302@qtp-583559449-1] Hash is: 1558488410
DEBUG 20161004 11:44:28.435 [52451302@qtp-583559449-1] Hash is: 1558488410
DEBUG 20161004 11:44:28.540 [52451302@qtp-583559449-1] SELECT * FROM ims.history WHERE history.USERNAME='Ivan' and history.transactionId=66296 and history.balanceRequest=12.0
DEBUG 20161004 11:44:28.543 [52451302@qtp-583559449-1] 0
DEBUG 20161004 11:44:28.543 [52451302@qtp-583559449-1] INSERT INTO ims.history (transactionId, username, balanceRequest) VALUES ('66296', 'Ivan', '12.0');
DEBUG 20161004 11:44:28.553 [52451302@qtp-583559449-1] We get from frontend username: Ivan and balance: 12
DEBUG 20161004 11:44:28.554 [52451302@qtp-583559449-1] Hash is: 1213727457
DEBUG 20161004 11:44:28.554 [52451302@qtp-583559449-1] Hash is: 1213727457
DEBUG 20161004 11:44:28.555 [52451302@qtp-583559449-1] First :UPDATE ims.Player SET player.BALANCE=12 WHERE player.ID=1 Second: UPDATE ims.Player SET BALANCE_VERSION=214 WHERE player.ID=1
DEBUG 20161004 11:44:28.557 [52451302@qtp-583559449-1] BALANCE was update successfully
DEBUG 20161004 11:44:28.559 [52451302@qtp-583559449-1] BALANCE_VERSION was update successfully
DEBUG 20161004 11:44:28.560 [52451302@qtp-583559449-1] Hash is: 1213727457
DEBUG 20161004 11:44:28.561 [52451302@qtp-583559449-1] Hash is: 1213727457
DEBUG 20161004 11:44:28.699 [52451302@qtp-583559449-1] SELECT * FROM ims.history WHERE history.USERNAME='Ivan' and history.transactionId=547093 and history.balanceRequest=12.0
DEBUG 20161004 11:44:28.700 [52451302@qtp-583559449-1] 0
DEBUG 20161004 11:44:28.701 [52451302@qtp-583559449-1] INSERT INTO ims.history (transactionId, username, balanceRequest) VALUES ('547093', 'Ivan', '12.0');
DEBUG 20161004 11:44:28.705 [52451302@qtp-583559449-1] We get from frontend username: Ivan and balance: 12
DEBUG 20161004 11:44:28.705 [52451302@qtp-583559449-1] Hash is: 1121945747
DEBUG 20161004 11:44:28.706 [52451302@qtp-583559449-1] Hash is: 1121945747
DEBUG 20161004 11:44:28.706 [52451302@qtp-583559449-1] First :UPDATE ims.Player SET player.BALANCE=12 WHERE player.ID=1 Second: UPDATE ims.Player SET BALANCE_VERSION=215 WHERE player.ID=1
DEBUG 20161004 11:44:28.709 [52451302@qtp-583559449-1] BALANCE was update successfully
DEBUG 20161004 11:44:28.711 [52451302@qtp-583559449-1] BALANCE_VERSION was update successfully
DEBUG 20161004 11:44:28.712 [52451302@qtp-583559449-1] Hash is: 1121945747
DEBUG 20161004 11:44:28.712 [52451302@qtp-583559449-1] Hash is: 1121945747
DEBUG 20161004 11:44:28.848 [52451302@qtp-583559449-1] SELECT * FROM ims.history WHERE history.USERNAME='Ivan' and history.transactionId=279155 and history.balanceRequest=12.0
DEBUG 20161004 11:44:28.849 [52451302@qtp-583559449-1] 0
DEBUG 20161004 11:44:28.849 [52451302@qtp-583559449-1] INSERT INTO ims.history (transactionId, username, balanceRequest) VALUES ('279155', 'Ivan', '12.0');
DEBUG 20161004 11:44:28.853 [52451302@qtp-583559449-1] We get from frontend username: Ivan and balance: 12
DEBUG 20161004 11:44:28.853 [52451302@qtp-583559449-1] Hash is: 748247350
DEBUG 20161004 11:44:28.854 [52451302@qtp-583559449-1] Hash is: 748247350
DEBUG 20161004 11:44:28.854 [52451302@qtp-583559449-1] First :UPDATE ims.Player SET player.BALANCE=12 WHERE player.ID=1 Second: UPDATE ims.Player SET BALANCE_VERSION=216 WHERE player.ID=1
DEBUG 20161004 11:44:28.856 [52451302@qtp-583559449-1] BALANCE was update successfully
DEBUG 20161004 11:44:28.859 [52451302@qtp-583559449-1] BALANCE_VERSION was update successfully
DEBUG 20161004 11:44:28.859 [52451302@qtp-583559449-1] Hash is: 748247350
DEBUG 20161004 11:44:28.860 [52451302@qtp-583559449-1] Hash is: 748247350
DEBUG 20161004 11:44:29.010 [52451302@qtp-583559449-1] SELECT * FROM ims.history WHERE history.USERNAME='Ivan' and history.transactionId=680872 and history.balanceRequest=12.0
DEBUG 20161004 11:44:29.011 [52451302@qtp-583559449-1] 0
DEBUG 20161004 11:44:29.011 [52451302@qtp-583559449-1] INSERT INTO ims.history (transactionId, username, balanceRequest) VALUES ('680872', 'Ivan', '12.0');
DEBUG 20161004 11:44:29.017 [52451302@qtp-583559449-1] We get from frontend username: Ivan and balance: 12
DEBUG 20161004 11:44:29.018 [52451302@qtp-583559449-1] Hash is: 1648660619
DEBUG 20161004 11:44:29.018 [52451302@qtp-583559449-1] Hash is: 1648660619
DEBUG 20161004 11:44:29.019 [52451302@qtp-583559449-1] First :UPDATE ims.Player SET player.BALANCE=12 WHERE player.ID=1 Second: UPDATE ims.Player SET BALANCE_VERSION=217 WHERE player.ID=1
DEBUG 20161004 11:44:29.021 [52451302@qtp-583559449-1] BALANCE was update successfully
DEBUG 20161004 11:44:29.024 [52451302@qtp-583559449-1] BALANCE_VERSION was update successfully
DEBUG 20161004 11:44:29.024 [52451302@qtp-583559449-1] Hash is: 1648660619
DEBUG 20161004 11:44:29.025 [52451302@qtp-583559449-1] Hash is: 1648660619
